Flow report for Lab9-1_leihaoc2
Tue Mar 19 23:37:06 2019
Quartus Prime Version 18.0.0 Build 614 04/24/2018 SJ Lite Edition


---------------------
; Table of Contents ;
---------------------
  1. Legal Notice
  2. Flow Summary
  3. Flow Settings
  4. Flow Non-Default Global Settings
  5. Flow Elapsed Time
  6. Flow OS Summary
  7. Flow Log
  8. Flow Messages
  9. Flow Suppressed Messages



----------------
; Legal Notice ;
----------------
Copyright (C) 2018  Intel Corporation. All rights reserved.
Your use of Intel Corporation's design tools, logic functions 
and other software and tools, and its AMPP partner logic 
functions, and any output files from any of the foregoing 
(including device programming or simulation files), and any 
associated documentation or information are expressly subject 
to the terms and conditions of the Intel Program License 
Subscription Agreement, the Intel Quartus Prime License Agreement,
the Intel FPGA IP License Agreement, or other applicable license
agreement, including, without limitation, that your use is for
the sole purpose of programming logic devices manufactured by
Intel and sold by Intel or its authorized distributors.  Please
refer to the applicable agreement for further details.



+----------------------------------------------------------------------------------+
; Flow Summary                                                                     ;
+------------------------------------+---------------------------------------------+
; Flow Status                        ; Flow Failed - Tue Mar 19 23:37:06 2019      ;
; Quartus Prime Version              ; 18.0.0 Build 614 04/24/2018 SJ Lite Edition ;
; Revision Name                      ; Lab9-1_leihaoc2                             ;
; Top-level Entity Name              ; lab9_top                                    ;
; Family                             ; Cyclone IV E                                ;
; Device                             ; EP4CE75F29C7                                ;
; Timing Models                      ; Final                                       ;
; Total logic elements               ; 2,838 / 75,408 ( 4 % )                      ;
;     Total combinational functions  ; 2,220 / 75,408 ( 3 % )                      ;
;     Dedicated logic registers      ; 1,728 / 75,408 ( 2 % )                      ;
; Total registers                    ; 1728                                        ;
; Total pins                         ; 142 / 427 ( 33 % )                          ;
; Total virtual pins                 ; 0                                           ;
; Total memory bits                  ; 11,392 / 2,810,880 ( < 1 % )                ;
; Embedded Multiplier 9-bit elements ; 0 / 400 ( 0 % )                             ;
; Total PLLs                         ; 1 / 4 ( 25 % )                              ;
+------------------------------------+---------------------------------------------+


+-----------------------------------------+
; Flow Settings                           ;
+-------------------+---------------------+
; Option            ; Setting             ;
+-------------------+---------------------+
; Start date & time ; 03/19/2019 23:35:41 ;
; Main task         ; Compilation         ;
; Revision Name     ; Lab9-1_leihaoc2     ;
+-------------------+---------------------+


+---------------------------------------------------------------------------------------------------------------------------------------------------+
; Flow Non-Default Global Settings                                                                                                                  ;
+-------------------------------------+------------------------------------------------------------+-----------------+-------------+----------------+
; Assignment Name                     ; Value                                                      ; Default Value   ; Entity Name ; Section Id     ;
+-------------------------------------+------------------------------------------------------------+-----------------+-------------+----------------+
; COMPILER_SIGNATURE_ID               ; 178780615912147.155306014008140                            ; --              ; --          ; --             ;
; EDA_OUTPUT_DATA_FORMAT              ; Systemverilog Hdl                                          ; --              ; --          ; eda_simulation ;
; EDA_SIMULATION_TOOL                 ; ModelSim (SystemVerilog)                                   ; <None>          ; --          ; --             ;
; EDA_TIME_SCALE                      ; 1 ps                                                       ; --              ; --          ; eda_simulation ;
; MAX_CORE_JUNCTION_TEMP              ; 85                                                         ; --              ; --          ; --             ;
; MIN_CORE_JUNCTION_TEMP              ; 0                                                          ; --              ; --          ; --             ;
; MISC_FILE                           ; Lab7_tianhao6/lab7_soc/synthesis/../lab7_soc.cmp           ; --              ; --          ; --             ;
; MISC_FILE                           ; Lab7_tianhao6/lab7_soc/synthesis/../../lab7_soc.qsys       ; --              ; --          ; --             ;
; NOMINAL_CORE_SUPPLY_VOLTAGE         ; 1.2V                                                       ; --              ; --          ; --             ;
; PARTITION_COLOR                     ; -- (Not supported for targeted family)                     ; --              ; lab9_top    ; Top            ;
; PARTITION_FITTER_PRESERVATION_LEVEL ; -- (Not supported for targeted family)                     ; --              ; lab9_top    ; Top            ;
; PARTITION_NETLIST_TYPE              ; -- (Not supported for targeted family)                     ; --              ; lab9_top    ; Top            ;
; POWER_BOARD_THERMAL_MODEL           ; None (CONSERVATIVE)                                        ; --              ; --          ; --             ;
; POWER_PRESET_COOLING_SOLUTION       ; 23 MM HEAT SINK WITH 200 LFPM AIRFLOW                      ; --              ; --          ; --             ;
; PROJECT_OUTPUT_DIRECTORY            ; output_files                                               ; --              ; --          ; --             ;
; SLD_FILE                            ; Lab7_tianhao6/lab7_soc/synthesis/lab7_soc.regmap           ; --              ; --          ; --             ;
; SLD_FILE                            ; Lab7_tianhao6/lab7_soc/synthesis/lab7_soc.debuginfo        ; --              ; --          ; --             ;
; SLD_INFO                            ; QSYS_NAME lab7_soc HAS_SOPCINFO 1 GENERATION_ID 1553035432 ; --              ; lab7_soc    ; --             ;
; SOPCINFO_FILE                       ; Lab7_tianhao6/lab7_soc/synthesis/../../lab7_soc.sopcinfo   ; --              ; --          ; --             ;
; SYNTHESIS_ONLY_QIP                  ; On                                                         ; --              ; --          ; --             ;
; TOP_LEVEL_ENTITY                    ; lab9_top                                                   ; Lab9-1_leihaoc2 ; --          ; --             ;
+-------------------------------------+------------------------------------------------------------+-----------------+-------------+----------------+


+--------------------------------------------------------------------------------------------------------------------------+
; Flow Elapsed Time                                                                                                        ;
+----------------------+--------------+-------------------------+---------------------+------------------------------------+
; Module Name          ; Elapsed Time ; Average Processors Used ; Peak Virtual Memory ; Total CPU Time (on all processors) ;
+----------------------+--------------+-------------------------+---------------------+------------------------------------+
; Analysis & Synthesis ; 00:01:12     ; 1.0                     ; 4940 MB             ; 00:01:49                           ;
; Fitter               ; 00:00:06     ; 1.0                     ; 5007 MB             ; 00:00:06                           ;
; Total                ; 00:01:18     ; --                      ; --                  ; 00:01:55                           ;
+----------------------+--------------+-------------------------+---------------------+------------------------------------+


+------------------------------------------------------------------------------------+
; Flow OS Summary                                                                    ;
+----------------------+------------------+------------+------------+----------------+
; Module Name          ; Machine Hostname ; OS Name    ; OS Version ; Processor type ;
+----------------------+------------------+------------+------------+----------------+
; Analysis & Synthesis ; DESKTOP-QQ0U41E  ; Windows 10 ; 10.0       ; x86_64         ;
; Fitter               ; DESKTOP-QQ0U41E  ; Windows 10 ; 10.0       ; x86_64         ;
+----------------------+------------------+------------+------------+----------------+


------------
; Flow Log ;
------------
quartus_map --read_settings_files=on --write_settings_files=off Lab9-1_leihaoc2 -c Lab9-1_leihaoc2
quartus_fit --read_settings_files=off --write_settings_files=off Lab9-1_leihaoc2 -c Lab9-1_leihaoc2



